# JRE version: Java(TM) SE Runtime Environment (11.0.2+9) (build 11.0.2+9-LTS)
# Java VM: Java HotSpot(TM) 64-Bit Server VM (11.0.2+9-LTS, mixed mode, tiered, compressed oops, g1 gc, windows-amd64)
Heap:
 garbage-first heap   total 262144K, used 164478K [0x00000000e0000000, 0x0000000100000000)
  region size 1024K, 137 young (140288K), 16 survivors (16384K)
 Metaspace       used 65513K, capacity 67352K, committed 67484K, reserved 313344K
  class space    used 8276K, capacity 8889K, committed 8940K, reserved 253952K
GC Heap History (10 events):
Event: 18.203 GC heap before
{Heap before GC invocations=6 (full 0):
 garbage-first heap   total 262144K, used 73149K [0x00000000e0000000, 0x0000000100000000)
  region size 1024K, 62 young (63488K), 7 survivors (7168K)
 Metaspace       used 26802K, capacity 27437K, committed 27696K, reserved 278528K
  class space    used 3437K, capacity 3635K, committed 3712K, reserved 253952K
}
Event: 18.220 GC heap after
{Heap after GC invocations=7 (full 0):
 garbage-first heap   total 262144K, used 18641K [0x00000000e0000000, 0x0000000100000000)
  region size 1024K, 3 young (3072K), 3 survivors (3072K)
 Metaspace       used 26802K, capacity 27437K, committed 27696K, reserved 278528K
  class space    used 3437K, capacity 3635K, committed 3712K, reserved 253952K
}
Event: 22.754 GC heap before
{Heap before GC invocations=7 (full 0):
 garbage-first heap   total 262144K, used 64721K [0x00000000e0000000, 0x0000000100000000)
  region size 1024K, 47 young (48128K), 3 survivors (3072K)
 Metaspace       used 35060K, capacity 35773K, committed 35888K, reserved 286720K
  class space    used 4376K, capacity 4624K, committed 4736K, reserved 253952K
}
Event: 22.778 GC heap after
{Heap after GC invocations=8 (full 0):
 garbage-first heap   total 262144K, used 24241K [0x00000000e0000000, 0x0000000100000000)
  region size 1024K, 7 young (7168K), 7 survivors (7168K)
 Metaspace       used 35060K, capacity 35773K, committed 35888K, reserved 286720K
  class space    used 4376K, capacity 4624K, committed 4736K, reserved 253952K
}
Event: 29.004 GC heap before
{Heap before GC invocations=9 (full 0):
 garbage-first heap   total 262144K, used 102065K [0x00000000e0000000, 0x0000000100000000)
  region size 1024K, 84 young (86016K), 7 survivors (7168K)
 Metaspace       used 43369K, capacity 44321K, committed 44464K, reserved 292864K
  class space    used 5461K, capacity 5763K, committed 5888K, reserved 253952K
}
Event: 29.055 GC heap after
{Heap after GC invocations=10 (full 0):
 garbage-first heap   total 262144K, used 25899K [0x00000000e0000000, 0x0000000100000000)
  region size 1024K, 10 young (10240K), 10 survivors (10240K)
 Metaspace       used 43369K, capacity 44321K, committed 44464K, reserved 292864K
  class space    used 5461K, capacity 5763K, committed 5888K, reserved 253952K
}
Event: 50.971 GC heap before
{Heap before GC invocations=10 (full 0):
 garbage-first heap   total 262144K, used 171307K [0x00000000e0000000, 0x0000000100000000)
  region size 1024K, 152 young (155648K), 10 survivors (10240K)
 Metaspace       used 52472K, capacity 53934K, committed 54064K, reserved 301056K
  class space    used 6791K, capacity 7279K, committed 7296K, reserved 253952K
}
Event: 51.020 GC heap after
{Heap after GC invocations=11 (full 0):
 garbage-first heap   total 262144K, used 35936K [0x00000000e0000000, 0x0000000100000000)
  region size 1024K, 19 young (19456K), 19 survivors (19456K)
 Metaspace       used 52472K, capacity 53934K, committed 54064K, reserved 301056K
  class space    used 6791K, capacity 7279K, committed 7296K, reserved 253952K
}
Event: 59.723 GC heap before
{Heap before GC invocations=11 (full 0):
 garbage-first heap   total 262144K, used 101472K [0x00000000e0000000, 0x0000000100000000)
  region size 1024K, 85 young (87040K), 19 survivors (19456K)
 Metaspace       used 58524K, capacity 60153K, committed 60208K, reserved 307200K
  class space    used 7495K, capacity 8057K, committed 8064K, reserved 253952K
}
Event: 59.791 GC heap after
{Heap after GC invocations=12 (full 0):
 garbage-first heap   total 262144K, used 41598K [0x00000000e0000000, 0x0000000100000000)
  region size 1024K, 16 young (16384K), 16 survivors (16384K)
 Metaspace       used 58524K, capacity 60153K, committed 60208K, reserved 307200K
  class space    used 7495K, capacity 8057K, committed 8064K, reserved 253952K
}

